<?xml version="1.0" encoding="UTF-8"?>
<testng-results ignored="0" total="1" passed="1" failed="0" skipped="0">
  <reporter-output>
  </reporter-output>
  <suite started-at="2022-09-05T16:31:38 AZT" name="nopCommerce" finished-at="2022-09-05T16:31:55 AZT" duration-ms="17108">
    <groups>
    </groups>
    <test started-at="2022-09-05T16:31:38 AZT" name="nopCommerce Test1" finished-at="2022-09-05T16:31:55 AZT" duration-ms="17108">
      <class name="com.nopcommerce.testCases.TC_LoginTest_001">
        <test-method is-config="true" signature="setup(java.lang.String)[pri:0, instance:com.nopcommerce.testCases.TC_LoginTest_001@694abbdc]" started-at="2022-09-05T16:31:38 AZT" name="setup" finished-at="2022-09-05T16:31:42 AZT" duration-ms="4279" status="PASS">
          <params>
            <param index="0">
              <value>
                <![CDATA[chrome]]>
              </value>
            </param>
          </params>
          <reporter-output>
          </reporter-output>
        </test-method> <!-- setup -->
        <test-method signature="loginTest()[pri:0, instance:com.nopcommerce.testCases.TC_LoginTest_001@694abbdc]" started-at="2022-09-05T16:31:42 AZT" name="loginTest" finished-at="2022-09-05T16:31:55 AZT" duration-ms="12672" status="PASS">
          <reporter-output>
          </reporter-output>
        </test-method> <!-- loginTest -->
        <test-method is-config="true" signature="tearDown()[pri:0, instance:com.nopcommerce.testCases.TC_LoginTest_001@694abbdc]" started-at="2022-09-05T16:31:55 AZT" name="tearDown" finished-at="2022-09-05T16:31:55 AZT" duration-ms="112" status="PASS">
          <reporter-output>
          </reporter-output>
        </test-method> <!-- tearDown -->
      </class> <!-- com.nopcommerce.testCases.TC_LoginTest_001 -->
    </test> <!-- nopCommerce Test1 -->
  </suite> <!-- nopCommerce -->
</testng-results>
